<?xml version="1.0" encoding="UTF-8"?>
<!-- Generated by org.testng.reporters.JUnitXMLReporter -->
<testsuite hostname="IBM-6K152F3" name="Default test" tests="5" failures="0" timestamp="3 Jul 2022 17:30:17 GMT" time="9.976" errors="0">
  <testcase name="Acreateuser" time="3.611" classname="IBM.API_Assignment.apiTestCases"/>
  <testcase name="Bgetuser" time="1.523" classname="IBM.API_Assignment.apiTestCases"/>
  <testcase name="Cloginuser" time="1.736" classname="IBM.API_Assignment.apiTestCases"/>
  <testcase name="Dmodify" time="1.439" classname="IBM.API_Assignment.apiTestCases"/>
  <testcase name="Edelete" time="1.645" classname="IBM.API_Assignment.apiTestCases"/>
</testsuite> <!-- Default test -->
